<?xml version="1.0" encoding="UTF-8"?>
<!-- Generated by org.testng.reporters.JUnitReportReporter -->
<testsuite hostname="DESKTOP-R5LJKK6" failures="0" tests="3" name="com.mystore.testcases.TC_ProductPageTest" time="29.632" errors="0" timestamp="2023-02-18T16:52:33 IST" skipped="2">
  <testcase classname="com.mystore.testcases.TC_ProductPageTest" name="verifyShoppingCart" time="29.632"/>
  <system-out/>
  <testcase classname="com.mystore.testcases.TC_ProductPageTest" name="VerifySearchProduct">
    <skipped/>
  </testcase> <!-- VerifySearchProduct -->
  <system-out/>
  <testcase classname="com.mystore.testcases.TC_ProductPageTest" name="verifyItemAddSuccessMessage">
    <skipped/>
  </testcase> <!-- verifyItemAddSuccessMessage -->
  <system-out/>
</testsuite> <!-- com.mystore.testcases.TC_ProductPageTest -->
