<?xml version="1.0" encoding="UTF-8"?>
<!-- Generated by org.testng.reporters.JUnitReportReporter -->
<testsuite hostname="sujit" failures="0" tests="2" name="com.mystore.testcases.TC_HomePageTest" time="12.995" errors="0" timestamp="2023-03-20T16:51:13 IST" skipped="1">
  <testcase classname="com.mystore.testcases.TC_HomePageTest" name="verifyLogin" time="12.995"/>
  <system-out/>
  <testcase classname="com.mystore.testcases.TC_HomePageTest" name="VerifySearchItemAndClick">
    <skipped/>
  </testcase> <!-- VerifySearchItemAndClick -->
  <system-out/>
</testsuite> <!-- com.mystore.testcases.TC_HomePageTest -->
