<?xml version="1.0" encoding="UTF-8"?>
<!-- Generated by org.testng.reporters.JUnitReportReporter -->
<testsuite hostname="DESKTOP-R5LJKK6" failures="0" tests="1" name="com.mystore.testcases.TC_CheckOutPageTest" time="64.474" errors="0" timestamp="2023-02-18T16:52:33 IST" skipped="0">
  <testcase classname="com.mystore.testcases.TC_CheckOutPageTest" name="verifyCheckOut" time="64.474"/>
  <system-out/>
</testsuite> <!-- com.mystore.testcases.TC_CheckOutPageTest -->
