<?xml version="1.0" encoding="UTF-8"?>
<!-- Generated by org.testng.reporters.JUnitReportReporter -->
<testsuite hostname="DESKTOP-R5LJKK6" failures="0" tests="1" name="com.mystore.testcases.TC_OrderConfirmationTest" time="63.735" errors="0" timestamp="2023-02-18T16:52:33 IST" skipped="0">
  <testcase classname="com.mystore.testcases.TC_OrderConfirmationTest" name="VerifyOrderConfirmationText" time="63.735"/>
  <system-out/>
</testsuite> <!-- com.mystore.testcases.TC_OrderConfirmationTest -->
